# JRE version: Java(TM) SE Runtime Environment (8.0_191-b12) (build 1.8.0_191-b12)
# Java VM: Java HotSpot(TM) 64-Bit Server VM (25.191-b12 mixed mode linux-amd64 compressed oops)
Heap:
 PSYoungGen      total 286720K, used 253746K [0x000000076db00000, 0x000000078c080000, 0x00000007c0000000)
  eden space 190976K, 82% used [0x000000076db00000,0x00000007775acde8,0x0000000779580000)
  from space 95744K, 99% used [0x0000000779a80000,0x000000077f79faa0,0x000000077f800000)
  to   space 153088K, 0% used [0x0000000782b00000,0x0000000782b00000,0x000000078c080000)
 ParOldGen       total 279552K, used 126117K [0x00000006c9000000, 0x00000006da100000, 0x000000076db00000)
  object space 279552K, 45% used [0x00000006c9000000,0x00000006d0b29598,0x00000006da100000)
 Metaspace       used 46425K, capacity 47482K, committed 47616K, reserved 1091584K
  class space    used 5610K, capacity 5831K, committed 5888K, reserved 1048576K
GC Heap History (10 events):
Event: 3976,111 GC heap before
{Heap before GC invocations=25 (full 2):
 PSYoungGen      total 337408K, used 307763K [0x000000076db00000, 0x0000000789c80000, 0x00000007c0000000)
  eden space 225792K, 100% used [0x000000076db00000,0x000000077b780000,0x000000077b780000)
  from space 111616K, 73% used [0x0000000782a80000,0x0000000787a8cc38,0x0000000789780000)
  to   space 117248K, 0% used [0x000000077b780000,0x000000077b780000,0x0000000782a00000)
 ParOldGen       total 279552K, used 112913K [0x00000006c9000000, 0x00000006da100000, 0x000000076db00000)
  object space 279552K, 40% used [0x00000006c9000000,0x00000006cfe447c0,0x00000006da100000)
 Metaspace       used 46287K, capacity 47354K, committed 47616K, reserved 1091584K
  class space    used 5610K, capacity 5831K, committed 5888K, reserved 1048576K
Event: 3976,142 GC heap after
Heap after GC invocations=25 (full 2):
 PSYoungGen      total 336896K, used 98242K [0x000000076db00000, 0x000000078a980000, 0x00000007c0000000)
  eden space 219648K, 0% used [0x000000076db00000,0x000000076db00000,0x000000077b180000)
  from space 117248K, 83% used [0x000000077b780000,0x0000000781770910,0x0000000782a00000)
  to   space 126976K, 0% used [0x0000000782d80000,0x0000000782d80000,0x000000078a980000)
 ParOldGen       total 279552K, used 112953K [0x00000006c9000000, 0x00000006da100000, 0x000000076db00000)
  object space 279552K, 40% used [0x00000006c9000000,0x00000006cfe4e7c0,0x00000006da100000)
 Metaspace       used 46287K, capacity 47354K, committed 47616K, reserved 1091584K
  class space    used 5610K, capacity 5831K, committed 5888K, reserved 1048576K
}
Event: 4316,920 GC heap before
{Heap before GC invocations=26 (full 2):
 PSYoungGen      total 336896K, used 317890K [0x000000076db00000, 0x000000078a980000, 0x00000007c0000000)
  eden space 219648K, 99% used [0x000000076db00000,0x000000077b17ff18,0x000000077b180000)
  from space 117248K, 83% used [0x000000077b780000,0x0000000781770910,0x0000000782a00000)
  to   space 126976K, 0% used [0x0000000782d80000,0x0000000782d80000,0x000000078a980000)
 ParOldGen       total 279552K, used 112953K [0x00000006c9000000, 0x00000006da100000, 0x000000076db00000)
  object space 279552K, 40% used [0x00000006c9000000,0x00000006cfe4e7c0,0x00000006da100000)
 Metaspace       used 46360K, capacity 47418K, committed 47616K, reserved 1091584K
  class space    used 5610K, capacity 5831K, committed 5888K, reserved 1048576K
Event: 4316,942 GC heap after
Heap after GC invocations=26 (full 2):
 PSYoungGen      total 336896K, used 103126K [0x000000076db00000, 0x000000078b700000, 0x00000007c0000000)
  eden space 209920K, 0% used [0x000000076db00000,0x000000076db00000,0x000000077a800000)
  from space 126976K, 81% used [0x0000000782d80000,0x0000000789235a68,0x000000078a980000)
  to   space 136704K, 0% used [0x000000077a800000,0x000000077a800000,0x0000000782d80000)
 ParOldGen       total 279552K, used 112961K [0x00000006c9000000, 0x00000006da100000, 0x000000076db00000)
  object space 279552K, 40% used [0x00000006c9000000,0x00000006cfe507c0,0x00000006da100000)
 Metaspace       used 46360K, capacity 47418K, committed 47616K, reserved 1091584K
  class space    used 5610K, capacity 5831K, committed 5888K, reserved 1048576K
}
Event: 4884,131 GC heap before
{Heap before GC invocations=27 (full 2):
 PSYoungGen      total 336896K, used 313046K [0x000000076db00000, 0x000000078b700000, 0x00000007c0000000)
  eden space 209920K, 100% used [0x000000076db00000,0x000000077a800000,0x000000077a800000)
  from space 126976K, 81% used [0x0000000782d80000,0x0000000789235a68,0x000000078a980000)
  to   space 136704K, 0% used [0x000000077a800000,0x000000077a800000,0x0000000782d80000)
 ParOldGen       total 279552K, used 113545K [0x00000006c9000000, 0x00000006da100000, 0x000000076db00000)
  object space 279552K, 40% used [0x00000006c9000000,0x00000006cfee2538,0x00000006da100000)
 Metaspace       used 46395K, capacity 47482K, committed 47616K, reserved 1091584K
  class space    used 5610K, capacity 5831K, committed 5888K, reserved 1048576K
Event: 4884,154 GC heap after
Heap after GC invocations=27 (full 2):
 PSYoungGen      total 340992K, used 104409K [0x000000076db00000, 0x000000078bc80000, 0x00000007c0000000)
  eden space 204288K, 0% used [0x000000076db00000,0x000000076db00000,0x000000077a280000)
  from space 136704K, 76% used [0x000000077a800000,0x0000000780df6430,0x0000000782d80000)
  to   space 144384K, 0% used [0x0000000782f80000,0x0000000782f80000,0x000000078bc80000)
 ParOldGen       total 279552K, used 114233K [0x00000006c9000000, 0x00000006da100000, 0x000000076db00000)
  object space 279552K, 40% used [0x00000006c9000000,0x00000006cff8e538,0x00000006da100000)
 Metaspace       used 46395K, capacity 47482K, committed 47616K, reserved 1091584K
  class space    used 5610K, capacity 5831K, committed 5888K, reserved 1048576K
}
Event: 5583,886 GC heap before
{Heap before GC invocations=28 (full 2):
 PSYoungGen      total 340992K, used 308697K [0x000000076db00000, 0x000000078bc80000, 0x00000007c0000000)
  eden space 204288K, 100% used [0x000000076db00000,0x000000077a280000,0x000000077a280000)
  from space 136704K, 76% used [0x000000077a800000,0x0000000780df6430,0x0000000782d80000)
  to   space 144384K, 0% used [0x0000000782f80000,0x0000000782f80000,0x000000078bc80000)
 ParOldGen       total 279552K, used 114233K [0x00000006c9000000, 0x00000006da100000, 0x000000076db00000)
  object space 279552K, 40% used [0x00000006c9000000,0x00000006cff8e780,0x00000006da100000)
 Metaspace       used 46410K, capacity 47482K, committed 47616K, reserved 1091584K
  class space    used 5610K, capacity 5831K, committed 5888K, reserved 1048576K
Event: 5583,923 GC heap after
Heap after GC invocations=28 (full 2):
 PSYoungGen      total 340480K, used 110158K [0x000000076db00000, 0x000000078c780000, 0x00000007c0000000)
  eden space 196096K, 0% used [0x000000076db00000,0x000000076db00000,0x0000000779a80000)
  from space 144384K, 76% used [0x0000000782f80000,0x0000000789b139d0,0x000000078bc80000)
  to   space 152576K, 0% used [0x0000000779a80000,0x0000000779a80000,0x0000000782f80000)
 ParOldGen       total 279552K, used 126061K [0x00000006c9000000, 0x00000006da100000, 0x000000076db00000)
  object space 279552K, 45% used [0x00000006c9000000,0x00000006d0b1b598,0x00000006da100000)
 Metaspace       used 46410K, capacity 47482K, committed 47616K, reserved 1091584K
  class space    used 5610K, capacity 5831K, committed 5888K, reserved 1048576K
}
Event: 6307,379 GC heap before
{Heap before GC invocations=29 (full 2):
 PSYoungGen      total 340480K, used 306254K [0x000000076db00000, 0x000000078c780000, 0x00000007c0000000)
  eden space 196096K, 100% used [0x000000076db00000,0x0000000779a80000,0x0000000779a80000)
  from space 144384K, 76% used [0x0000000782f80000,0x0000000789b139d0,0x000000078bc80000)
  to   space 152576K, 0% used [0x0000000779a80000,0x0000000779a80000,0x0000000782f80000)
 ParOldGen       total 279552K, used 126061K [0x00000006c9000000, 0x00000006da100000, 0x000000076db00000)
  object space 279552K, 45% used [0x00000006c9000000,0x00000006d0b1b598,0x00000006da100000)
 Metaspace       used 46414K, capacity 47482K, committed 47616K, reserved 1091584K
  class space    used 5610K, capacity 5831K, committed 5888K, reserved 1048576K
Event: 6307,396 GC heap after
Heap after GC invocations=29 (full 2):
 PSYoungGen      total 286720K, used 95358K [0x000000076db00000, 0x000000078c080000, 0x00000007c0000000)
  eden space 190976K, 0% used [0x000000076db00000,0x000000076db00000,0x0000000779580000)
  from space 95744K, 99% used [0x0000000779a80000,0x000000077f79faa0,0x000000077f800000)
  to   space 153088K, 0% used [0x0000000782b00000,0x0000000782b00000,0x000000078c080000)
 ParOldGen       total 279552K, used 126117K [0x00000006c9000000, 0x00000006da100000, 0x000000076db00000)
  object space 279552K, 45% used [0x00000006c9000000,0x00000006d0b29598,0x00000006da100000)
 Metaspace       used 46414K, capacity 47482K, committed 47616K, reserved 1091584K
  class space    used 5610K, capacity 5831K, committed 5888K, reserved 1048576K
}

